Protocol detection: VW LUPO 3L
-------
>ATSP1
OK

>0100
NO DATA

>ATSP2
OK

>0100
NO DATA

>ATSP3
OK

>0100
BUS INIT: OK
41 00 98 3F 80 10 

>0200
NO DATA

>0300
NO DATA

>0400
NO DATA

>0500
NO DATA

>0600
46 00 FF 00 00 00 00 

>0700
NO DATA

>0800
NO DATA

>0900
49 00 01 FC 00 00 00 

>0A00
NO DATA

>ATSP4
OK

>0100
BUS INIT: ... ERROR

>ATSP5
OK

>0100
BUS INIT: ... ERROR

>ATSP6
OK

>0100
NO DATA

>ATSP7
OK

>0100
NO DATA

>ATSP8
OK

>0100
NO DATA

>ATSP9
OK

>0100
NO DATA

>ATSP0A
OK

>0100
SEARCHING...
41 00 98 3F 80 10 

>0200
NO DATA

>0300
NO DATA

>0400
NO DATA

>0500
NO DATA

>0600

>0700
NO DATA

>0800
NO DATA

>0900
49 00 01 FC 00 00 00 

>0A00
NO DATA

>ATSPB0
OK

>0100
NO DATA

>ATSPC0
OK

>0100
NO DATA
